20221224	00:27:55	b473ec7f-a083-4772-bfd5-e35810e1ec9b	OPTIONS	/ads/latest?page=1	http://localhost:3000
20221224	00:27:55	18f159bc-cc16-4282-b40d-2cac4b1fad5e	GET	/ads/latest?page=1	http://localhost:3000
20221224	00:29:38	ff54f73c-5a2d-49ca-a2ab-d603530f5904	OPTIONS	/user/my-profile	http://localhost:3000
20221224	00:29:38	fec37d0e-eac4-4bef-9caa-b92f2000be7f	GET	/user/my-profile	http://localhost:3000
20221224	00:33:50	8ff5fbf9-4b03-4b98-96e6-1b78d498c6dc	OPTIONS	/ads/my-ads?page=1	http://localhost:3000
20221224	00:33:50	ad3cfd4d-0902-44d8-b619-57429eca6e4d	GET	/ads/my-ads?page=1	http://localhost:3000
20221224	00:33:52	63ecb05a-642e-4206-985a-84fdb9044147	OPTIONS	/ads/like	http://localhost:3000
20221224	00:33:52	4c8bf9b7-4e5b-454f-9d3e-8c1b38109c58	POST	/ads/like	http://localhost:3000
20221224	00:33:52	a625c493-3e67-4686-bf77-f1913f3964fe	GET	/ads/my-ads?page=1	http://localhost:3000
20221224	00:33:54	8b139a26-a1f5-44bd-a3e9-d15012a9ee71	OPTIONS	/ads/my-ads?page=2	http://localhost:3000
20221224	00:33:54	3fb61278-239f-4ea5-b8b5-93960cff595c	GET	/ads/my-ads?page=2	http://localhost:3000
20221224	00:33:55	f8c9ec7a-66f6-4d48-b7e8-76d1edf0b763	OPTIONS	/ads/my-ads?page=3	http://localhost:3000
20221224	00:33:55	04ae087c-c1ba-4951-8e87-d4fa1b9d09bd	GET	/ads/my-ads?page=3	http://localhost:3000
20221224	00:33:57	de5e288e-b378-47eb-8e84-ebb779f29bba	OPTIONS	/ads/favs?page=1	http://localhost:3000
20221224	00:33:57	9c3fb4da-952a-44a6-a3af-d5dbbce246e6	GET	/ads/favs?page=1	http://localhost:3000
20221224	00:33:58	b6c27f2e-97e1-4240-9444-b7208c7d5774	OPTIONS	/ads/like	http://localhost:3000
20221224	00:33:58	551e3180-498d-42ad-94a8-a3a13af61280	POST	/ads/like	http://localhost:3000
20221224	00:33:59	6e363373-d19f-44a2-926c-ca6369849163	GET	/ads/favs?page=1	http://localhost:3000
20221224	00:34:00	36a15c33-ee7c-480e-81b5-c74a7f828f9e	OPTIONS	/ads/latest?page=1	http://localhost:3000
20221224	00:34:00	6f58f994-d239-4867-99da-79126718e937	GET	/ads/latest?page=1	http://localhost:3000
20221224	00:34:02	6e060582-519c-42eb-bcc6-76ad6b0eea98	OPTIONS	/ads/latest?page=2	http://localhost:3000
20221224	00:34:02	f33e2331-6843-4111-ab8f-af6317b09fe1	GET	/ads/latest?page=2	http://localhost:3000
20221224	00:34:03	dbfbe4de-c7a5-4271-a357-256fba3c4b5a	OPTIONS	/ads/latest?page=3	http://localhost:3000
20221224	00:34:03	5377894b-9b54-4797-9e5a-08cb2fd91021	GET	/ads/latest?page=3	http://localhost:3000
20221224	00:35:18	89a7f3c3-6bf9-4c08-a113-7e76600b9473	OPTIONS	/ads/latest?page=1	http://localhost:3000
20221224	00:35:18	86f0ce34-3242-48f7-9148-a8345c28e108	GET	/ads/latest?page=1	http://localhost:3000
20221224	00:35:19	3daa3b5c-436d-43d4-b7d3-d508a23e8561	GET	/auth/refresh	http://localhost:3000
20221224	00:35:19	ded92914-24f4-497d-9c17-dab87540a3c1	GET	/ads/latest?page=1	http://localhost:3000
20221224	00:36:17	ff355405-0247-40b7-95ac-24998071b546	OPTIONS	/user/my-profile	http://localhost:3000
20221224	00:36:17	e5549f6f-1676-4815-9d2d-ca3e53f4eaf2	GET	/user/my-profile	http://localhost:3000
20221224	00:36:19	70e044ee-d65f-431a-92c0-221210a90d5d	OPTIONS	/ads/my-ads?page=1	http://localhost:3000
20221224	00:36:19	fce535d4-1317-4b4b-ad10-fd0a1b95954a	GET	/ads/my-ads?page=1	http://localhost:3000
20221224	00:36:24	1759e37c-2cde-4b1e-8c8d-9ac892decc52	OPTIONS	/ads/favs?page=1	http://localhost:3000
20221224	00:36:24	df5105e4-0dfa-447d-bf3d-b4daa92012f6	GET	/ads/favs?page=1	http://localhost:3000
